# JRE version: Java(TM) SE Runtime Environment (8.0_151-b12) (build 1.8.0_151-b12)
# Java VM: Java HotSpot(TM) 64-Bit Server VM (25.151-b12 mixed mode windows-amd64 compressed oops)
Heap:
 PSYoungGen      total 32256K, used 6527K [0x000000076b980000, 0x000000076e200000, 0x00000007c0000000)
  eden space 27648K, 7% used [0x000000076b980000,0x000000076bb67e10,0x000000076d480000)
  from space 4608K, 99% used [0x000000076da80000,0x000000076def8040,0x000000076df00000)
  to   space 6144K, 0% used [0x000000076d480000,0x000000076d480000,0x000000076da80000)
 ParOldGen       total 173568K, used 150501K [0x00000006c2c00000, 0x00000006cd580000, 0x000000076b980000)
  object space 173568K, 86% used [0x00000006c2c00000,0x00000006cbef9670,0x00000006cd580000)
 Metaspace       used 10326K, capacity 10530K, committed 10624K, reserved 1058816K
  class space    used 1083K, capacity 1145K, committed 1152K, reserved 1048576K
GC Heap History (10 events):
Event: 250.885 GC heap before
{Heap before GC invocations=494 (full 0):
 PSYoungGen      total 33280K, used 32715K [0x000000076b980000, 0x000000076de80000, 0x00000007c0000000)
  eden space 29696K, 99% used [0x000000076b980000,0x000000076d66f820,0x000000076d680000)
  from space 3584K, 86% used [0x000000076d680000,0x000000076d983480,0x000000076da00000)
  to   space 4096K, 0% used [0x000000076da80000,0x000000076da80000,0x000000076de80000)
 ParOldGen       total 173568K, used 146162K [0x00000006c2c00000, 0x00000006cd580000, 0x000000076b980000)
  object space 173568K, 84% used [0x00000006c2c00000,0x00000006cbabc8d8,0x00000006cd580000)
 Metaspace       used 10195K, capacity 10442K, committed 10624K, reserved 1058816K
  class space    used 1073K, capacity 1141K, committed 1152K, reserved 1048576K
Event: 250.886 GC heap after
Heap after GC invocations=494 (full 0):
 PSYoungGen      total 33280K, used 3180K [0x000000076b980000, 0x000000076df80000, 0x00000007c0000000)
  eden space 29184K, 0% used [0x000000076b980000,0x000000076b980000,0x000000076d600000)
  from space 4096K, 77% used [0x000000076da80000,0x000000076dd9b210,0x000000076de80000)
  to   space 4608K, 0% used [0x000000076d600000,0x000000076d600000,0x000000076da80000)
 ParOldGen       total 173568K, used 147175K [0x00000006c2c00000, 0x00000006cd580000, 0x000000076b980000)
  object space 173568K, 84% used [0x00000006c2c00000,0x00000006cbbb9c50,0x00000006cd580000)
 Metaspace       used 10195K, capacity 10442K, committed 10624K, reserved 1058816K
  class space    used 1073K, capacity 1141K, committed 1152K, reserved 1048576K
}
Event: 251.288 GC heap before
{Heap before GC invocations=495 (full 0):
 PSYoungGen      total 33280K, used 31738K [0x000000076b980000, 0x000000076df80000, 0x00000007c0000000)
  eden space 29184K, 97% used [0x000000076b980000,0x000000076d563748,0x000000076d600000)
  from space 4096K, 77% used [0x000000076da80000,0x000000076dd9b210,0x000000076de80000)
  to   space 4608K, 0% used [0x000000076d600000,0x000000076d600000,0x000000076da80000)
 ParOldGen       total 173568K, used 147175K [0x00000006c2c00000, 0x00000006cd580000, 0x000000076b980000)
  object space 173568K, 84% used [0x00000006c2c00000,0x00000006cbbb9c50,0x00000006cd580000)
 Metaspace       used 10195K, capacity 10442K, committed 10624K, reserved 1058816K
  class space    used 1073K, capacity 1141K, committed 1152K, reserved 1048576K
Event: 251.289 GC heap after
Heap after GC invocations=495 (full 0):
 PSYoungGen      total 33792K, used 1275K [0x000000076b980000, 0x000000076df00000, 0x00000007c0000000)
  eden space 29184K, 0% used [0x000000076b980000,0x000000076b980000,0x000000076d600000)
  from space 4608K, 27% used [0x000000076d600000,0x000000076d73ee40,0x000000076da80000)
  to   space 4608K, 0% used [0x000000076da80000,0x000000076da80000,0x000000076df00000)
 ParOldGen       total 173568K, used 148193K [0x00000006c2c00000, 0x00000006cd580000, 0x000000076b980000)
  object space 173568K, 85% used [0x00000006c2c00000,0x00000006cbcb8580,0x00000006cd580000)
 Metaspace       used 10195K, capacity 10442K, committed 10624K, reserved 1058816K
  class space    used 1073K, capacity 1141K, committed 1152K, reserved 1048576K
}
Event: 251.733 GC heap before
{Heap before GC invocations=496 (full 0):
 PSYoungGen      total 33792K, used 30411K [0x000000076b980000, 0x000000076df00000, 0x00000007c0000000)
  eden space 29184K, 99% used [0x000000076b980000,0x000000076d5f3f90,0x000000076d600000)
  from space 4608K, 27% used [0x000000076d600000,0x000000076d73ee40,0x000000076da80000)
  to   space 4608K, 0% used [0x000000076da80000,0x000000076da80000,0x000000076df00000)
 ParOldGen       total 173568K, used 148193K [0x00000006c2c00000, 0x00000006cd580000, 0x000000076b980000)
  object space 173568K, 85% used [0x00000006c2c00000,0x00000006cbcb8580,0x00000006cd580000)
 Metaspace       used 10195K, capacity 10442K, committed 10624K, reserved 1058816K
  class space    used 1073K, capacity 1141K, committed 1152K, reserved 1048576K
Event: 251.734 GC heap after
Heap after GC invocations=496 (full 0):
 PSYoungGen      total 32768K, used 788K [0x000000076b980000, 0x000000076de00000, 0x00000007c0000000)
  eden space 29184K, 0% used [0x000000076b980000,0x000000076b980000,0x000000076d600000)
  from space 3584K, 22% used [0x000000076da80000,0x000000076db452a8,0x000000076de00000)
  to   space 4096K, 0% used [0x000000076d600000,0x000000076d600000,0x000000076da00000)
 ParOldGen       total 173568K, used 148245K [0x00000006c2c00000, 0x00000006cd580000, 0x000000076b980000)
  object space 173568K, 85% used [0x00000006c2c00000,0x00000006cbcc56d0,0x00000006cd580000)
 Metaspace       used 10195K, capacity 10442K, committed 10624K, reserved 1058816K
  class space    used 1073K, capacity 1141K, committed 1152K, reserved 1048576K
}
Event: 252.530 GC heap before
{Heap before GC invocations=497 (full 0):
 PSYoungGen      total 32768K, used 29972K [0x000000076b980000, 0x000000076de00000, 0x00000007c0000000)
  eden space 29184K, 100% used [0x000000076b980000,0x000000076d600000,0x000000076d600000)
  from space 3584K, 22% used [0x000000076da80000,0x000000076db452a8,0x000000076de00000)
  to   space 4096K, 0% used [0x000000076d600000,0x000000076d600000,0x000000076da00000)
 ParOldGen       total 173568K, used 148245K [0x00000006c2c00000, 0x00000006cd580000, 0x000000076b980000)
  object space 173568K, 85% used [0x00000006c2c00000,0x00000006cbcc56d0,0x00000006cd580000)
 Metaspace       used 10289K, capacity 10518K, committed 10624K, reserved 1058816K
  class space    used 1078K, capacity 1143K, committed 1152K, reserved 1048576K
Event: 252.532 GC heap after
Heap after GC invocations=497 (full 0):
 PSYoungGen      total 33280K, used 3064K [0x000000076b980000, 0x000000076df00000, 0x00000007c0000000)
  eden space 29184K, 0% used [0x000000076b980000,0x000000076b980000,0x000000076d600000)
  from space 4096K, 74% used [0x000000076d600000,0x000000076d8fe030,0x000000076da00000)
  to   space 4608K, 0% used [0x000000076da80000,0x000000076da80000,0x000000076df00000)
 ParOldGen       total 173568K, used 148293K [0x00000006c2c00000, 0x00000006cd580000, 0x000000076b980000)
  object space 173568K, 85% used [0x00000006c2c00000,0x00000006cbcd1660,0x00000006cd580000)
 Metaspace       used 10289K, capacity 10518K, committed 10624K, reserved 1058816K
  class space    used 1078K, capacity 1143K, committed 1152K, reserved 1048576K
}
Event: 253.789 GC heap before
{Heap before GC invocations=498 (full 0):
 PSYoungGen      total 33280K, used 30858K [0x000000076b980000, 0x000000076df00000, 0x00000007c0000000)
  eden space 29184K, 95% used [0x000000076b980000,0x000000076d4a4a30,0x000000076d600000)
  from space 4096K, 74% used [0x000000076d600000,0x000000076d8fe030,0x000000076da00000)
  to   space 4608K, 0% used [0x000000076da80000,0x000000076da80000,0x000000076df00000)
 ParOldGen       total 173568K, used 148293K [0x00000006c2c00000, 0x00000006cd580000, 0x000000076b980000)
  object space 173568K, 85% used [0x00000006c2c00000,0x00000006cbcd1660,0x00000006cd580000)
 Metaspace       used 10326K, capacity 10530K, committed 10624K, reserved 1058816K
  class space    used 1083K, capacity 1145K, committed 1152K, reserved 1048576K
Event: 253.792 GC heap after
Heap after GC invocations=498 (full 0):
 PSYoungGen      total 32256K, used 4576K [0x000000076b980000, 0x000000076e200000, 0x00000007c0000000)
  eden space 27648K, 0% used [0x000000076b980000,0x000000076b980000,0x000000076d480000)
  from space 4608K, 99% used [0x000000076da80000,0x000000076def8040,0x000000076df00000)
  to   space 6144K, 0% used [0x000000076d480000,0x000000076d480000,0x000000076da80000)
 ParOldGen       total 173568K, used 150501K [0x00000006c2c00000, 0x00000006cd580000, 0x000000076b980000)
  object space 173568K, 86% used [0x00000006c2c00000,0x00000006cbef9670,0x00000006cd580000)
 Metaspace       used 10326K, capacity 10530K, committed 10624K, reserved 1058816K
  class space    used 1083K, capacity 1145K, committed 1152K, reserved 1048576K
}

